{"C:\\Users\\Lenovo\\Documents\\IEEE\\js\\Testing\\testing\\integration-testing\\app.js": {"path":"C:\\Users\\Lenovo\\Documents\\IEEE\\js\\Testing\\testing\\integration-testing\\app.js","statementMap":{"0":{"start":{"line":1,"column":16},"end":{"line":1,"column":34}},"1":{"start":{"line":2,"column":19},"end":{"line":2,"column":45}},"2":{"start":{"line":4,"column":19},"end":{"line":4,"column":50}},"3":{"start":{"line":7,"column":12},"end":{"line":7,"column":21}},"4":{"start":{"line":8,"column":13},"end":{"line":8,"column":27}},"5":{"start":{"line":9,"column":0},"end":{"line":9,"column":30}},"6":{"start":{"line":11,"column":0},"end":{"line":11,"column":29}},"7":{"start":{"line":12,"column":0},"end":{"line":12,"column":23}},"8":{"start":{"line":14,"column":0},"end":{"line":14,"column":31}},"9":{"start":{"line":17,"column":15},"end":{"line":21,"column":2}},"10":{"start":{"line":18,"column":2},"end":{"line":20,"column":4}},"11":{"start":{"line":23,"column":0},"end":{"line":23,"column":23}}},"fnMap":{"0":{"name":"(anonymous_0)","decl":{"start":{"line":17,"column":32},"end":{"line":17,"column":33}},"loc":{"start":{"line":17,"column":38},"end":{"line":21,"column":1}},"line":17}},"branchMap":{},"s":{"0":2,"1":2,"2":2,"3":2,"4":2,"5":2,"6":2,"7":2,"8":2,"9":2,"10":2,"11":2},"f":{"0":2},"b":{},"_coverageSchema":"1a1c01bbd47fc00a2c39e90264f33305004495a9","hash":"a44c6994df7d0d2421a64b76bced04b5c8188ad4"}
,"C:\\Users\\Lenovo\\Documents\\IEEE\\js\\Testing\\testing\\integration-testing\\config\\config.js": {"path":"C:\\Users\\Lenovo\\Documents\\IEEE\\js\\Testing\\testing\\integration-testing\\config\\config.js","statementMap":{"0":{"start":{"line":2,"column":15},"end":{"line":2,"column":32}},"1":{"start":{"line":3,"column":13},"end":{"line":3,"column":28}},"2":{"start":{"line":4,"column":0},"end":{"line":4,"column":61}},"3":{"start":{"line":5,"column":17},"end":{"line":5,"column":36}},"4":{"start":{"line":10,"column":14},"end":{"line":10,"column":31}},"5":{"start":{"line":11,"column":2},"end":{"line":13,"column":3}},"6":{"start":{"line":12,"column":4},"end":{"line":12,"column":70}},"7":{"start":{"line":14,"column":2},"end":{"line":14,"column":13}},"8":{"start":{"line":17,"column":19},"end":{"line":17,"column":36}},"9":{"start":{"line":18,"column":12},"end":{"line":18,"column":30}},"10":{"start":{"line":19,"column":21},"end":{"line":19,"column":42}},"11":{"start":{"line":21,"column":15},"end":{"line":21,"column":67}},"12":{"start":{"line":22,"column":0},"end":{"line":26,"column":1}},"13":{"start":{"line":23,"column":0},"end":{"line":25,"column":2}},"14":{"start":{"line":27,"column":17},"end":{"line":27,"column":88}},"15":{"start":{"line":31,"column":0},"end":{"line":38,"column":70}},"16":{"start":{"line":36,"column":4},"end":{"line":36,"column":58}},"17":{"start":{"line":38,"column":20},"end":{"line":38,"column":68}},"18":{"start":{"line":40,"column":0},"end":{"line":43,"column":1}}},"fnMap":{"0":{"name":"getEnv","decl":{"start":{"line":9,"column":9},"end":{"line":9,"column":15}},"loc":{"start":{"line":9,"column":22},"end":{"line":15,"column":1}},"line":9},"1":{"name":"(anonymous_1)","decl":{"start":{"line":35,"column":8},"end":{"line":35,"column":9}},"loc":{"start":{"line":36,"column":4},"end":{"line":36,"column":58}},"line":36},"2":{"name":"(anonymous_2)","decl":{"start":{"line":38,"column":9},"end":{"line":38,"column":10}},"loc":{"start":{"line":38,"column":20},"end":{"line":38,"column":68}},"line":38}},"branchMap":{"0":{"loc":{"start":{"line":11,"column":2},"end":{"line":13,"column":3}},"type":"if","locations":[{"start":{"line":11,"column":2},"end":{"line":13,"column":3}},{"start":{},"end":{}}],"line":11},"1":{"loc":{"start":{"line":21,"column":15},"end":{"line":21,"column":67}},"type":"cond-expr","locations":[{"start":{"line":21,"column":34},"end":{"line":21,"column":54}},{"start":{"line":21,"column":57},"end":{"line":21,"column":67}}],"line":21},"2":{"loc":{"start":{"line":22,"column":0},"end":{"line":26,"column":1}},"type":"if","locations":[{"start":{"line":22,"column":0},"end":{"line":26,"column":1}},{"start":{},"end":{}}],"line":22}},"s":{"0":3,"1":3,"2":3,"3":3,"4":13,"5":13,"6":0,"7":13,"8":3,"9":3,"10":3,"11":3,"12":3,"13":3,"14":3,"15":3,"16":2,"17":0,"18":3},"f":{"0":13,"1":2,"2":0},"b":{"0":[0,13],"1":[3,0],"2":[3,0]},"_coverageSchema":"1a1c01bbd47fc00a2c39e90264f33305004495a9","hash":"a0926f35f18a3a48b6fdd29004b0fcc838b22571"}
,"C:\\Users\\Lenovo\\Documents\\IEEE\\js\\Testing\\testing\\integration-testing\\src\\api\\api-routes.js": {"path":"C:\\Users\\Lenovo\\Documents\\IEEE\\js\\Testing\\testing\\integration-testing\\src\\api\\api-routes.js","statementMap":{"0":{"start":{"line":2,"column":16},"end":{"line":2,"column":34}},"1":{"start":{"line":3,"column":15},"end":{"line":3,"column":31}},"2":{"start":{"line":6,"column":20},"end":{"line":6,"column":61}},"3":{"start":{"line":7,"column":19},"end":{"line":7,"column":58}},"4":{"start":{"line":11,"column":0},"end":{"line":11,"column":34}},"5":{"start":{"line":12,"column":0},"end":{"line":12,"column":32}},"6":{"start":{"line":15,"column":0},"end":{"line":15,"column":24}}},"fnMap":{},"branchMap":{},"s":{"0":2,"1":2,"2":2,"3":2,"4":2,"5":2,"6":2},"f":{},"b":{},"_coverageSchema":"1a1c01bbd47fc00a2c39e90264f33305004495a9","hash":"7896bff25f34afe14056e4e33b09713351d14420"}
,"C:\\Users\\Lenovo\\Documents\\IEEE\\js\\Testing\\testing\\integration-testing\\src\\api\\resources\\auth\\auth.controller.js": {"path":"C:\\Users\\Lenovo\\Documents\\IEEE\\js\\Testing\\testing\\integration-testing\\src\\api\\resources\\auth\\auth.controller.js","statementMap":{"0":{"start":{"line":1,"column":17},"end":{"line":27,"column":1}},"1":{"start":{"line":2,"column":4},"end":{"line":26,"column":5}},"2":{"start":{"line":3,"column":53},"end":{"line":3,"column":67}},"3":{"start":{"line":4,"column":8},"end":{"line":8,"column":9}},"4":{"start":{"line":5,"column":12},"end":{"line":7,"column":62}},"5":{"start":{"line":9,"column":8},"end":{"line":13,"column":9}},"6":{"start":{"line":10,"column":12},"end":{"line":12,"column":67}},"7":{"start":{"line":14,"column":8},"end":{"line":19,"column":9}},"8":{"start":{"line":15,"column":12},"end":{"line":17,"column":72}},"9":{"start":{"line":20,"column":8},"end":{"line":22,"column":11}},"10":{"start":{"line":24,"column":8},"end":{"line":24,"column":26}},"11":{"start":{"line":25,"column":8},"end":{"line":25,"column":71}},"12":{"start":{"line":29,"column":0},"end":{"line":31,"column":1}}},"fnMap":{"0":{"name":"(anonymous_0)","decl":{"start":{"line":1,"column":17},"end":{"line":1,"column":18}},"loc":{"start":{"line":1,"column":37},"end":{"line":27,"column":1}},"line":1}},"branchMap":{"0":{"loc":{"start":{"line":3,"column":53},"end":{"line":3,"column":67}},"type":"binary-expr","locations":[{"start":{"line":3,"column":53},"end":{"line":3,"column":61}},{"start":{"line":3,"column":65},"end":{"line":3,"column":67}}],"line":3},"1":{"loc":{"start":{"line":4,"column":8},"end":{"line":8,"column":9}},"type":"if","locations":[{"start":{"line":4,"column":8},"end":{"line":8,"column":9}},{"start":{},"end":{}}],"line":4},"2":{"loc":{"start":{"line":4,"column":12},"end":{"line":4,"column":31}},"type":"binary-expr","locations":[{"start":{"line":4,"column":12},"end":{"line":4,"column":18}},{"start":{"line":4,"column":22},"end":{"line":4,"column":31}}],"line":4},"3":{"loc":{"start":{"line":9,"column":8},"end":{"line":13,"column":9}},"type":"if","locations":[{"start":{"line":9,"column":8},"end":{"line":13,"column":9}},{"start":{},"end":{}}],"line":9},"4":{"loc":{"start":{"line":14,"column":8},"end":{"line":19,"column":9}},"type":"if","locations":[{"start":{"line":14,"column":8},"end":{"line":19,"column":9}},{"start":{},"end":{}}],"line":14}},"s":{"0":2,"1":6,"2":6,"3":6,"4":3,"5":3,"6":1,"7":2,"8":1,"9":1,"10":0,"11":0,"12":2},"f":{"0":6},"b":{"0":[6,1],"1":[3,3],"2":[6,4],"3":[1,2],"4":[1,1]},"_coverageSchema":"1a1c01bbd47fc00a2c39e90264f33305004495a9","hash":"a5987717115f310cff58e05650d02274d7e96862"}
,"C:\\Users\\Lenovo\\Documents\\IEEE\\js\\Testing\\testing\\integration-testing\\src\\api\\resources\\auth\\auth.router.js": {"path":"C:\\Users\\Lenovo\\Documents\\IEEE\\js\\Testing\\testing\\integration-testing\\src\\api\\resources\\auth\\auth.router.js","statementMap":{"0":{"start":{"line":1,"column":16},"end":{"line":1,"column":34}},"1":{"start":{"line":3,"column":23},"end":{"line":3,"column":51}},"2":{"start":{"line":5,"column":15},"end":{"line":5,"column":31}},"3":{"start":{"line":8,"column":0},"end":{"line":10,"column":35}},"4":{"start":{"line":12,"column":0},"end":{"line":12,"column":24}}},"fnMap":{},"branchMap":{},"s":{"0":2,"1":2,"2":2,"3":2,"4":2},"f":{},"b":{},"_coverageSchema":"1a1c01bbd47fc00a2c39e90264f33305004495a9","hash":"5d2a7596324fe6e8f33765c44bfcc396897733cc"}
,"C:\\Users\\Lenovo\\Documents\\IEEE\\js\\Testing\\testing\\integration-testing\\src\\api\\resources\\books\\books.controller.js": {"path":"C:\\Users\\Lenovo\\Documents\\IEEE\\js\\Testing\\testing\\integration-testing\\src\\api\\resources\\books\\books.controller.js","statementMap":{"0":{"start":{"line":2,"column":21},"end":{"line":2,"column":47}},"1":{"start":{"line":5,"column":17},"end":{"line":15,"column":1}},"2":{"start":{"line":6,"column":2},"end":{"line":14,"column":3}},"3":{"start":{"line":7,"column":18},"end":{"line":7,"column":47}},"4":{"start":{"line":8,"column":4},"end":{"line":11,"column":7}},"5":{"start":{"line":13,"column":4},"end":{"line":13,"column":68}},"6":{"start":{"line":18,"column":16},"end":{"line":34,"column":1}},"7":{"start":{"line":19,"column":2},"end":{"line":33,"column":3}},"8":{"start":{"line":20,"column":19},"end":{"line":20,"column":32}},"9":{"start":{"line":21,"column":17},"end":{"line":21,"column":51}},"10":{"start":{"line":23,"column":4},"end":{"line":25,"column":5}},"11":{"start":{"line":24,"column":6},"end":{"line":24,"column":64}},"12":{"start":{"line":27,"column":4},"end":{"line":30,"column":7}},"13":{"start":{"line":32,"column":4},"end":{"line":32,"column":69}},"14":{"start":{"line":37,"column":19},"end":{"line":54,"column":1}},"15":{"start":{"line":38,"column":2},"end":{"line":53,"column":3}},"16":{"start":{"line":39,"column":42},"end":{"line":39,"column":50}},"17":{"start":{"line":40,"column":4},"end":{"line":44,"column":5}},"18":{"start":{"line":41,"column":6},"end":{"line":43,"column":69}},"19":{"start":{"line":45,"column":17},"end":{"line":45,"column":77}},"20":{"start":{"line":46,"column":4},"end":{"line":49,"column":7}},"21":{"start":{"line":51,"column":4},"end":{"line":51,"column":22}},"22":{"start":{"line":52,"column":4},"end":{"line":52,"column":70}},"23":{"start":{"line":57,"column":19},"end":{"line":79,"column":1}},"24":{"start":{"line":58,"column":2},"end":{"line":78,"column":3}},"25":{"start":{"line":59,"column":19},"end":{"line":59,"column":32}},"26":{"start":{"line":60,"column":17},"end":{"line":60,"column":51}},"27":{"start":{"line":62,"column":4},"end":{"line":64,"column":5}},"28":{"start":{"line":63,"column":6},"end":{"line":63,"column":64}},"29":{"start":{"line":66,"column":42},"end":{"line":66,"column":50}},"30":{"start":{"line":67,"column":24},"end":{"line":71,"column":6}},"31":{"start":{"line":72,"column":4},"end":{"line":75,"column":7}},"32":{"start":{"line":77,"column":4},"end":{"line":77,"column":70}},"33":{"start":{"line":82,"column":19},"end":{"line":97,"column":1}},"34":{"start":{"line":83,"column":2},"end":{"line":96,"column":3}},"35":{"start":{"line":84,"column":19},"end":{"line":84,"column":32}},"36":{"start":{"line":85,"column":17},"end":{"line":85,"column":51}},"37":{"start":{"line":87,"column":4},"end":{"line":89,"column":5}},"38":{"start":{"line":88,"column":6},"end":{"line":88,"column":64}},"39":{"start":{"line":90,"column":4},"end":{"line":90,"column":40}},"40":{"start":{"line":91,"column":4},"end":{"line":93,"column":7}},"41":{"start":{"line":95,"column":4},"end":{"line":95,"column":70}},"42":{"start":{"line":99,"column":0},"end":{"line":105,"column":2}}},"fnMap":{"0":{"name":"(anonymous_0)","decl":{"start":{"line":5,"column":17},"end":{"line":5,"column":18}},"loc":{"start":{"line":5,"column":37},"end":{"line":15,"column":1}},"line":5},"1":{"name":"(anonymous_1)","decl":{"start":{"line":18,"column":16},"end":{"line":18,"column":17}},"loc":{"start":{"line":18,"column":36},"end":{"line":34,"column":1}},"line":18},"2":{"name":"(anonymous_2)","decl":{"start":{"line":37,"column":19},"end":{"line":37,"column":20}},"loc":{"start":{"line":37,"column":39},"end":{"line":54,"column":1}},"line":37},"3":{"name":"(anonymous_3)","decl":{"start":{"line":57,"column":19},"end":{"line":57,"column":20}},"loc":{"start":{"line":57,"column":39},"end":{"line":79,"column":1}},"line":57},"4":{"name":"(anonymous_4)","decl":{"start":{"line":82,"column":19},"end":{"line":82,"column":20}},"loc":{"start":{"line":82,"column":39},"end":{"line":97,"column":1}},"line":82}},"branchMap":{"0":{"loc":{"start":{"line":23,"column":4},"end":{"line":25,"column":5}},"type":"if","locations":[{"start":{"line":23,"column":4},"end":{"line":25,"column":5}},{"start":{},"end":{}}],"line":23},"1":{"loc":{"start":{"line":40,"column":4},"end":{"line":44,"column":5}},"type":"if","locations":[{"start":{"line":40,"column":4},"end":{"line":44,"column":5}},{"start":{},"end":{}}],"line":40},"2":{"loc":{"start":{"line":62,"column":4},"end":{"line":64,"column":5}},"type":"if","locations":[{"start":{"line":62,"column":4},"end":{"line":64,"column":5}},{"start":{},"end":{}}],"line":62},"3":{"loc":{"start":{"line":87,"column":4},"end":{"line":89,"column":5}},"type":"if","locations":[{"start":{"line":87,"column":4},"end":{"line":89,"column":5}},{"start":{},"end":{}}],"line":87}},"s":{"0":2,"1":2,"2":0,"3":0,"4":0,"5":0,"6":2,"7":3,"8":3,"9":3,"10":3,"11":2,"12":1,"13":0,"14":2,"15":0,"16":0,"17":0,"18":0,"19":0,"20":0,"21":0,"22":0,"23":2,"24":1,"25":1,"26":1,"27":1,"28":0,"29":1,"30":1,"31":1,"32":0,"33":2,"34":1,"35":1,"36":1,"37":1,"38":0,"39":1,"40":1,"41":0,"42":2},"f":{"0":0,"1":3,"2":0,"3":1,"4":1},"b":{"0":[2,1],"1":[0,0],"2":[0,1],"3":[0,1]},"_coverageSchema":"1a1c01bbd47fc00a2c39e90264f33305004495a9","hash":"24d599961f526ede1bb600df6723e08a3f3bf936"}
,"C:\\Users\\Lenovo\\Documents\\IEEE\\js\\Testing\\testing\\integration-testing\\src\\api\\resources\\books\\books.model.js": {"path":"C:\\Users\\Lenovo\\Documents\\IEEE\\js\\Testing\\testing\\integration-testing\\src\\api\\resources\\books\\books.model.js","statementMap":{"0":{"start":{"line":2,"column":17},"end":{"line":2,"column":36}},"1":{"start":{"line":4,"column":15},"end":{"line":4,"column":30}},"2":{"start":{"line":7,"column":19},"end":{"line":19,"column":2}},"3":{"start":{"line":21,"column":0},"end":{"line":21,"column":52}}},"fnMap":{},"branchMap":{},"s":{"0":3,"1":3,"2":3,"3":3},"f":{},"b":{},"_coverageSchema":"1a1c01bbd47fc00a2c39e90264f33305004495a9","hash":"e90cd580b93033876e255cbc71722d8a1a87580a"}
,"C:\\Users\\Lenovo\\Documents\\IEEE\\js\\Testing\\testing\\integration-testing\\src\\api\\resources\\books\\books.router.js": {"path":"C:\\Users\\Lenovo\\Documents\\IEEE\\js\\Testing\\testing\\integration-testing\\src\\api\\resources\\books\\books.router.js","statementMap":{"0":{"start":{"line":1,"column":16},"end":{"line":1,"column":34}},"1":{"start":{"line":3,"column":24},"end":{"line":3,"column":53}},"2":{"start":{"line":5,"column":15},"end":{"line":5,"column":31}},"3":{"start":{"line":8,"column":0},"end":{"line":11,"column":38}},"4":{"start":{"line":13,"column":0},"end":{"line":17,"column":40}},"5":{"start":{"line":19,"column":0},"end":{"line":19,"column":24}}},"fnMap":{},"branchMap":{},"s":{"0":2,"1":2,"2":2,"3":2,"4":2,"5":2},"f":{},"b":{},"_coverageSchema":"1a1c01bbd47fc00a2c39e90264f33305004495a9","hash":"320c6d1dcc2ee3da1da14862f5be984c37a5b094"}
,"C:\\Users\\Lenovo\\Documents\\IEEE\\js\\Testing\\testing\\integration-testing\\src\\api\\resources\\books\\books.service.js": {"path":"C:\\Users\\Lenovo\\Documents\\IEEE\\js\\Testing\\testing\\integration-testing\\src\\api\\resources\\books\\books.service.js","statementMap":{"0":{"start":{"line":1,"column":13},"end":{"line":1,"column":37}},"1":{"start":{"line":4,"column":17},"end":{"line":11,"column":1}},"2":{"start":{"line":5,"column":2},"end":{"line":10,"column":3}},"3":{"start":{"line":6,"column":4},"end":{"line":6,"column":31}},"4":{"start":{"line":8,"column":4},"end":{"line":8,"column":47}},"5":{"start":{"line":9,"column":4},"end":{"line":9,"column":16}},"6":{"start":{"line":14,"column":16},"end":{"line":25,"column":1}},"7":{"start":{"line":15,"column":2},"end":{"line":24,"column":3}},"8":{"start":{"line":16,"column":4},"end":{"line":18,"column":5}},"9":{"start":{"line":17,"column":6},"end":{"line":17,"column":47}},"10":{"start":{"line":19,"column":17},"end":{"line":19,"column":44}},"11":{"start":{"line":20,"column":4},"end":{"line":20,"column":16}},"12":{"start":{"line":22,"column":4},"end":{"line":22,"column":46}},"13":{"start":{"line":23,"column":4},"end":{"line":23,"column":16}},"14":{"start":{"line":28,"column":19},"end":{"line":35,"column":1}},"15":{"start":{"line":29,"column":2},"end":{"line":34,"column":3}},"16":{"start":{"line":30,"column":4},"end":{"line":30,"column":35}},"17":{"start":{"line":32,"column":4},"end":{"line":32,"column":49}},"18":{"start":{"line":33,"column":4},"end":{"line":33,"column":16}},"19":{"start":{"line":38,"column":19},"end":{"line":45,"column":1}},"20":{"start":{"line":39,"column":2},"end":{"line":44,"column":3}},"21":{"start":{"line":40,"column":4},"end":{"line":40,"column":70}},"22":{"start":{"line":42,"column":4},"end":{"line":42,"column":49}},"23":{"start":{"line":43,"column":4},"end":{"line":43,"column":16}},"24":{"start":{"line":48,"column":19},"end":{"line":55,"column":1}},"25":{"start":{"line":49,"column":2},"end":{"line":54,"column":3}},"26":{"start":{"line":50,"column":4},"end":{"line":50,"column":27}},"27":{"start":{"line":52,"column":4},"end":{"line":52,"column":49}},"28":{"start":{"line":53,"column":4},"end":{"line":53,"column":16}},"29":{"start":{"line":57,"column":0},"end":{"line":63,"column":2}}},"fnMap":{"0":{"name":"(anonymous_0)","decl":{"start":{"line":4,"column":17},"end":{"line":4,"column":18}},"loc":{"start":{"line":4,"column":29},"end":{"line":11,"column":1}},"line":4},"1":{"name":"(anonymous_1)","decl":{"start":{"line":14,"column":16},"end":{"line":14,"column":17}},"loc":{"start":{"line":14,"column":34},"end":{"line":25,"column":1}},"line":14},"2":{"name":"(anonymous_2)","decl":{"start":{"line":28,"column":19},"end":{"line":28,"column":20}},"loc":{"start":{"line":28,"column":35},"end":{"line":35,"column":1}},"line":28},"3":{"name":"(anonymous_3)","decl":{"start":{"line":38,"column":19},"end":{"line":38,"column":20}},"loc":{"start":{"line":38,"column":41},"end":{"line":45,"column":1}},"line":38},"4":{"name":"(anonymous_4)","decl":{"start":{"line":48,"column":19},"end":{"line":48,"column":20}},"loc":{"start":{"line":48,"column":35},"end":{"line":55,"column":1}},"line":48}},"branchMap":{"0":{"loc":{"start":{"line":16,"column":4},"end":{"line":18,"column":5}},"type":"if","locations":[{"start":{"line":16,"column":4},"end":{"line":18,"column":5}},{"start":{},"end":{}}],"line":16}},"s":{"0":3,"1":3,"2":2,"3":2,"4":0,"5":0,"6":3,"7":5,"8":5,"9":0,"10":5,"11":5,"12":0,"13":0,"14":3,"15":3,"16":3,"17":0,"18":0,"19":3,"20":1,"21":1,"22":0,"23":0,"24":3,"25":1,"26":1,"27":0,"28":0,"29":3},"f":{"0":2,"1":5,"2":3,"3":1,"4":1},"b":{"0":[0,5]},"_coverageSchema":"1a1c01bbd47fc00a2c39e90264f33305004495a9","hash":"4d015c643b0eb63baec7dee43a4cd3538118c36d"}
}
