TN:
SF:app.js
FN:17,(anonymous_0)
FNF:1
FNH:1
FNDA:2,(anonymous_0)
DA:1,2
DA:2,2
DA:4,2
DA:7,2
DA:8,2
DA:9,2
DA:11,2
DA:12,2
DA:14,2
DA:17,2
DA:18,2
DA:23,2
LF:12
LH:12
BRF:0
BRH:0
end_of_record
TN:
SF:config\config.js
FN:9,getEnv
FN:35,(anonymous_1)
FN:38,(anonymous_2)
FNF:3
FNH:2
FNDA:13,getEnv
FNDA:2,(anonymous_1)
FNDA:0,(anonymous_2)
DA:2,3
DA:3,3
DA:4,3
DA:5,3
DA:10,13
DA:11,13
DA:12,0
DA:14,13
DA:17,3
DA:18,3
DA:19,3
DA:21,3
DA:22,3
DA:23,3
DA:27,3
DA:31,3
DA:36,2
DA:38,0
DA:40,3
LF:19
LH:17
BRDA:11,0,0,0
BRDA:11,0,1,13
BRDA:21,1,0,3
BRDA:21,1,1,0
BRDA:22,2,0,3
BRDA:22,2,1,0
BRF:6
BRH:3
end_of_record
TN:
SF:src\api\api-routes.js
FNF:0
FNH:0
DA:2,2
DA:3,2
DA:6,2
DA:7,2
DA:11,2
DA:12,2
DA:15,2
LF:7
LH:7
BRF:0
BRH:0
end_of_record
TN:
SF:src\api\resources\auth\auth.controller.js
FN:1,(anonymous_0)
FNF:1
FNH:1
FNDA:6,(anonymous_0)
DA:1,2
DA:2,6
DA:3,6
DA:4,6
DA:5,3
DA:9,3
DA:10,1
DA:14,2
DA:15,1
DA:20,1
DA:24,0
DA:25,0
DA:29,2
LF:13
LH:11
BRDA:3,0,0,6
BRDA:3,0,1,1
BRDA:4,1,0,3
BRDA:4,1,1,3
BRDA:4,2,0,6
BRDA:4,2,1,4
BRDA:9,3,0,1
BRDA:9,3,1,2
BRDA:14,4,0,1
BRDA:14,4,1,1
BRF:10
BRH:10
end_of_record
TN:
SF:src\api\resources\auth\auth.router.js
FNF:0
FNH:0
DA:1,2
DA:3,2
DA:5,2
DA:8,2
DA:12,2
LF:5
LH:5
BRF:0
BRH:0
end_of_record
TN:
SF:src\api\resources\books\books.controller.js
FN:5,(anonymous_0)
FN:18,(anonymous_1)
FN:37,(anonymous_2)
FN:57,(anonymous_3)
FN:82,(anonymous_4)
FNF:5
FNH:3
FNDA:0,(anonymous_0)
FNDA:3,(anonymous_1)
FNDA:0,(anonymous_2)
FNDA:1,(anonymous_3)
FNDA:1,(anonymous_4)
DA:2,2
DA:5,2
DA:6,0
DA:7,0
DA:8,0
DA:13,0
DA:18,2
DA:19,3
DA:20,3
DA:21,3
DA:23,3
DA:24,2
DA:27,1
DA:32,0
DA:37,2
DA:38,0
DA:39,0
DA:40,0
DA:41,0
DA:45,0
DA:46,0
DA:51,0
DA:52,0
DA:57,2
DA:58,1
DA:59,1
DA:60,1
DA:62,1
DA:63,0
DA:66,1
DA:67,1
DA:72,1
DA:77,0
DA:82,2
DA:83,1
DA:84,1
DA:85,1
DA:87,1
DA:88,0
DA:90,1
DA:91,1
DA:95,0
DA:99,2
LF:43
LH:26
BRDA:23,0,0,2
BRDA:23,0,1,1
BRDA:40,1,0,0
BRDA:40,1,1,0
BRDA:62,2,0,0
BRDA:62,2,1,1
BRDA:87,3,0,0
BRDA:87,3,1,1
BRF:8
BRH:4
end_of_record
TN:
SF:src\api\resources\books\books.model.js
FNF:0
FNH:0
DA:2,3
DA:4,3
DA:7,3
DA:21,3
LF:4
LH:4
BRF:0
BRH:0
end_of_record
TN:
SF:src\api\resources\books\books.router.js
FNF:0
FNH:0
DA:1,2
DA:3,2
DA:5,2
DA:8,2
DA:13,2
DA:19,2
LF:6
LH:6
BRF:0
BRH:0
end_of_record
TN:
SF:src\api\resources\books\books.service.js
FN:4,(anonymous_0)
FN:14,(anonymous_1)
FN:28,(anonymous_2)
FN:38,(anonymous_3)
FN:48,(anonymous_4)
FNF:5
FNH:5
FNDA:2,(anonymous_0)
FNDA:5,(anonymous_1)
FNDA:3,(anonymous_2)
FNDA:1,(anonymous_3)
FNDA:1,(anonymous_4)
DA:1,3
DA:4,3
DA:5,2
DA:6,2
DA:8,0
DA:9,0
DA:14,3
DA:15,5
DA:16,5
DA:17,0
DA:19,5
DA:20,5
DA:22,0
DA:23,0
DA:28,3
DA:29,3
DA:30,3
DA:32,0
DA:33,0
DA:38,3
DA:39,1
DA:40,1
DA:42,0
DA:43,0
DA:48,3
DA:49,1
DA:50,1
DA:52,0
DA:53,0
DA:57,3
LF:30
LH:19
BRDA:16,0,0,0
BRDA:16,0,1,5
BRF:2
BRH:1
end_of_record
